[Mon Sep 17 00:01:08 2012] [notice] mod_cosign: invalid destination: https://gradecraft.com/
[Mon Sep 17 00:43:28 2012] [notice] mod_cosign: invalid destination: https://gradecraft.com/
[Mon Sep 17 00:45:53 2012] [notice] mod_cosign: invalid destination: https://gradecraft.com/
[Mon Sep 17 04:16:37 2012] [error] [client 23.20.67.131] request failed: error reading the headers
[Mon Sep 17 09:55:07 2012] [notice] mod_cosign: invalid destination: https://gradecraft.com/
[Mon Sep 17 10:28:35 2012] [notice] mod_cosign: invalid destination: https://gradecraft.com/
[Mon Sep 17 10:28:52 2012] [notice] mod_cosign: invalid destination: https://gradecraft.com/
[Mon Sep 17 11:06:21 2012] [notice] mod_cosign: invalid destination: https://gradecraft.com/
[Mon Sep 17 11:06:53 2012] [notice] mod_cosign: invalid destination: https://gradecraft.com/
[Mon Sep 17 11:28:14 2012] [notice] mod_cosign: invalid destination: https://gradecraft.com/
[Mon Sep 17 11:28:18 2012] [notice] mod_cosign: invalid destination: https://gradecraft.com/
[Mon Sep 17 11:28:19 2012] [notice] mod_cosign: invalid destination: https://gradecraft.com/
[Mon Sep 17 11:31:53 2012] [notice] mod_cosign: invalid destination: https://gradecraft.com/
[Mon Sep 17 11:32:15 2012] [notice] mod_cosign: invalid destination: https://gradecraft.com/
[Mon Sep 17 11:34:16 2012] [notice] mod_cosign: invalid destination: https://gradecraft.com/
[Mon Sep 17 11:34:18 2012] [notice] mod_cosign: invalid destination: https://gradecraft.com/
[Mon Sep 17 11:34:33 2012] [notice] mod_cosign: invalid destination: https://gradecraft.com/
[Mon Sep 17 11:34:33 2012] [notice] mod_cosign: invalid destination: https://gradecraft.com/
[Mon Sep 17 11:35:01 2012] [notice] mod_cosign: invalid destination: https://gradecraft.com/
[Mon Sep 17 11:35:02 2012] [notice] mod_cosign: invalid destination: https://gradecraft.com/
[Mon Sep 17 11:35:30 2012] [error] mod_cosign: cosign_cookie_valid: network info 67.194.65.156 does not match local info 67.194.203.39 for cookie cosign-www.gradecraft.com=Mwhz0f3Fy2Y2OW2kdusmQR8QutaO-1nx3BpQ-7N2n3GjHsiVO3iaJiJisxsUzG5tuUC6CAXKjU0gRFkdh-uAmxCV7MFW3dCSRSRjFTpl+L54fRtMWKZruLtfP9eP
[Mon Sep 17 11:35:43 2012] [notice] mod_cosign: invalid destination: https://gradecraft.com/
[Mon Sep 17 11:35:58 2012] [notice] mod_cosign: invalid destination: https://gradecraft.com/
[Mon Sep 17 11:36:02 2012] [notice] mod_cosign: invalid destination: https://gradecraft.com/
[Mon Sep 17 11:36:04 2012] [notice] mod_cosign: invalid destination: https://gradecraft.com/
[Mon Sep 17 11:36:07 2012] [notice] mod_cosign: invalid destination: https://gradecraft.com/
[Mon Sep 17 11:36:12 2012] [notice] mod_cosign: invalid destination: https://gradecraft.com/
[Mon Sep 17 11:36:20 2012] [notice] mod_cosign: invalid destination: https://gradecraft.com/
[Mon Sep 17 11:36:20 2012] [notice] mod_cosign: invalid destination: https://gradecraft.com/
[Mon Sep 17 11:36:51 2012] [notice] mod_cosign: invalid destination: https://gradecraft.com/
[Mon Sep 17 11:36:55 2012] [notice] mod_cosign: invalid destination: https://gradecraft.com/
[Mon Sep 17 11:37:00 2012] [notice] mod_cosign: invalid destination: https://gradecraft.com/
[Mon Sep 17 11:37:13 2012] [notice] mod_cosign: invalid destination: https://gradecraft.com/
[Mon Sep 17 11:37:34 2012] [notice] mod_cosign: invalid destination: https://gradecraft.com/
[Mon Sep 17 11:37:48 2012] [notice] mod_cosign: invalid destination: https://gradecraft.com/
[Mon Sep 17 11:38:04 2012] [notice] mod_cosign: invalid destination: https://gradecraft.com/
[Mon Sep 17 11:38:13 2012] [notice] mod_cosign: invalid destination: https://gradecraft.com/
[Mon Sep 17 11:38:38 2012] [notice] mod_cosign: invalid destination: https://gradecraft.com/
[Mon Sep 17 11:38:41 2012] [notice] mod_cosign: invalid destination: https://gradecraft.com/
[Mon Sep 17 11:38:46 2012] [notice] mod_cosign: invalid destination: https://gradecraft.com/
[Mon Sep 17 11:38:52 2012] [notice] mod_cosign: invalid destination: https://gradecraft.com/
[Mon Sep 17 11:38:52 2012] [notice] mod_cosign: invalid destination: https://gradecraft.com/
[Mon Sep 17 11:39:12 2012] [notice] mod_cosign: invalid destination: https://gradecraft.com/
[Mon Sep 17 11:39:41 2012] [notice] mod_cosign: invalid destination: https://gradecraft.com/
[Mon Sep 17 11:39:44 2012] [notice] mod_cosign: invalid destination: https://gradecraft.com/
[Mon Sep 17 11:39:45 2012] [notice] mod_cosign: invalid destination: https://gradecraft.com/
[Mon Sep 17 11:39:48 2012] [notice] mod_cosign: invalid destination: https://gradecraft.com/
[Mon Sep 17 11:39:56 2012] [notice] mod_cosign: invalid destination: https://gradecraft.com/
[Mon Sep 17 11:40:12 2012] [notice] mod_cosign: invalid destination: https://gradecraft.com/
[Mon Sep 17 11:40:19 2012] [notice] mod_cosign: invalid destination: https://gradecraft.com/
[Mon Sep 17 11:40:27 2012] [notice] mod_cosign: invalid destination: https://gradecraft.com/
[Mon Sep 17 11:40:38 2012] [notice] mod_cosign: invalid destination: https://gradecraft.com/
[Mon Sep 17 11:41:08 2012] [notice] mod_cosign: invalid destination: https://gradecraft.com/dashboard
[Mon Sep 17 11:41:11 2012] [notice] mod_cosign: invalid destination: https://gradecraft.com/
[Mon Sep 17 11:41:27 2012] [notice] mod_cosign: invalid destination: https://gradecraft.com/
[Mon Sep 17 11:41:48 2012] [notice] mod_cosign: invalid destination: https://gradecraft.com/
[Mon Sep 17 11:42:13 2012] [notice] mod_cosign: invalid destination: https://gradecraft.com/
[Mon Sep 17 11:42:34 2012] [notice] mod_cosign: invalid destination: https://gradecraft.com/
[Mon Sep 17 11:42:35 2012] [notice] mod_cosign: invalid destination: https://gradecraft.com/
[Mon Sep 17 11:43:03 2012] [notice] mod_cosign: invalid destination: https://gradecraft.com/
[Mon Sep 17 11:43:05 2012] [notice] mod_cosign: invalid destination: https://gradecraft.com/
[Mon Sep 17 11:43:14 2012] [notice] mod_cosign: invalid destination: https://gradecraft.com/
[Mon Sep 17 11:43:15 2012] [notice] mod_cosign: invalid destination: https://gradecraft.com/
[Mon Sep 17 11:43:21 2012] [notice] mod_cosign: invalid destination: https://gradecraft.com/
[Mon Sep 17 11:43:29 2012] [notice] mod_cosign: invalid destination: https://gradecraft.com/
[Mon Sep 17 11:43:41 2012] [notice] mod_cosign: invalid destination: https://gradecraft.com/
[Mon Sep 17 11:43:44 2012] [notice] mod_cosign: invalid destination: https://gradecraft.com/
[Mon Sep 17 11:44:10 2012] [notice] mod_cosign: invalid destination: https://gradecraft.com/
[Mon Sep 17 11:44:11 2012] [notice] mod_cosign: invalid destination: https://gradecraft.com/dashboard
[Mon Sep 17 11:44:21 2012] [notice] mod_cosign: invalid destination: https://gradecraft.com/
[Mon Sep 17 11:44:30 2012] [notice] mod_cosign: invalid destination: https://gradecraft.com/
[Mon Sep 17 11:44:32 2012] [notice] mod_cosign: invalid destination: https://gradecraft.com/
[Mon Sep 17 11:44:37 2012] [notice] mod_cosign: invalid destination: https://gradecraft.com/dashboard
[Mon Sep 17 11:44:44 2012] [notice] mod_cosign: invalid destination: https://gradecraft.com/dashboard
[Mon Sep 17 11:44:55 2012] [notice] mod_cosign: invalid destination: https://gradecraft.com/
[Mon Sep 17 11:45:08 2012] [notice] mod_cosign: invalid destination: https://gradecraft.com/
[Mon Sep 17 11:45:56 2012] [notice] mod_cosign: invalid destination: https://gradecraft.com/dashboard
[Mon Sep 17 11:46:01 2012] [notice] mod_cosign: invalid destination: https://gradecraft.com/dashboard
[Mon Sep 17 11:46:17 2012] [notice] mod_cosign: invalid destination: https://gradecraft.com/
[Mon Sep 17 11:46:31 2012] [notice] mod_cosign: invalid destination: https://gradecraft.com/
[Mon Sep 17 11:46:54 2012] [notice] mod_cosign: invalid destination: https://gradecraft.com/
[Mon Sep 17 11:47:16 2012] [notice] mod_cosign: invalid destination: https://gradecraft.com/
[Mon Sep 17 11:47:48 2012] [notice] mod_cosign: invalid destination: https://gradecraft.com/
[Mon Sep 17 11:47:49 2012] [notice] mod_cosign: invalid destination: https://gradecraft.com/
[Mon Sep 17 11:47:52 2012] [notice] mod_cosign: invalid destination: https://gradecraft.com/
[Mon Sep 17 11:47:57 2012] [notice] mod_cosign: invalid destination: https://gradecraft.com/
[Mon Sep 17 11:48:32 2012] [notice] mod_cosign: invalid destination: https://gradecraft.com/
[Mon Sep 17 11:48:38 2012] [notice] mod_cosign: invalid destination: https://gradecraft.com/
[Mon Sep 17 11:48:58 2012] [notice] mod_cosign: invalid destination: https://gradecraft.com/
[Mon Sep 17 11:49:40 2012] [notice] mod_cosign: invalid destination: https://gradecraft.com/
[Mon Sep 17 11:49:57 2012] [notice] mod_cosign: invalid destination: https://gradecraft.com/
[Mon Sep 17 11:50:48 2012] [notice] mod_cosign: invalid destination: https://gradecraft.com/
[Mon Sep 17 11:51:20 2012] [notice] mod_cosign: invalid destination: https://gradecraft.com/
[Mon Sep 17 11:51:30 2012] [notice] mod_cosign: invalid destination: https://gradecraft.com/
[Mon Sep 17 11:57:58 2012] [notice] mod_cosign: invalid destination: https://gradecraft.com/
[Mon Sep 17 12:07:11 2012] [notice] mod_cosign: invalid destination: https://gradecraft.com/
[Mon Sep 17 12:29:31 2012] [error] mod_cosign: cosign_cookie_valid: network info 35.0.81.147 does not match local info 67.194.2.213 for cookie cosign-www.gradecraft.com=k1fN8yWb84hD3Eic5ECR1Fmb7hq6aJWBXhniTgwyYeeyNjLr-VPgKUsTkRyPpGC9AC3BV0za3zjvdl5Kzf8ShPUccZENH0ERFZyBgjP+TGu1DPP+TMJcLBEdWNkM
[Mon Sep 17 12:44:22 2012] [notice] mod_cosign: invalid destination: https://gradecraft.com/
[Mon Sep 17 12:48:29 2012] [notice] mod_cosign: invalid destination: https://gradecraft.com/
[Mon Sep 17 13:03:21 2012] [notice] mod_cosign: invalid destination: https://gradecraft.com/
[Mon Sep 17 13:05:23 2012] [notice] mod_cosign: invalid destination: https://gradecraft.com/
[Mon Sep 17 13:05:29 2012] [notice] mod_cosign: invalid destination: https://gradecraft.com/
[Mon Sep 17 13:06:36 2012] [notice] mod_cosign: invalid destination: https://gradecraft.com/
[Mon Sep 17 13:08:22 2012] [notice] mod_cosign: invalid destination: https://gradecraft.com/
[Mon Sep 17 13:08:40 2012] [notice] mod_cosign: invalid destination: https://gradecraft.com/
[Mon Sep 17 13:08:40 2012] [notice] mod_cosign: invalid destination: https://gradecraft.com/
[Mon Sep 17 13:09:06 2012] [notice] mod_cosign: invalid destination: https://gradecraft.com/
[Mon Sep 17 13:10:57 2012] [notice] mod_cosign: invalid destination: https://gradecraft.com/
[Mon Sep 17 13:11:34 2012] [error] mod_cosign: cosign_cookie_valid: network info 67.194.221.58 does not match local info 67.194.21.179 for cookie cosign-www.gradecraft.com=DQmBWjqfY3Mbw7iRVatjGcFwm7XyvohxrO+tacIp93ZezEBJ4peQsCT1KF+wO+aDBVERfhfsxdCiONDcfoytNaj3oXorrwwJgXFRO3kNHb+IzFhFk+QlxpnOtppe
[Mon Sep 17 13:16:55 2012] [notice] mod_cosign: invalid destination: https://gradecraft.com/
[Mon Sep 17 13:17:36 2012] [notice] mod_cosign: invalid destination: https://gradecraft.com/
[Mon Sep 17 13:29:25 2012] [notice] mod_cosign: invalid destination: https://gradecraft.com/
[Mon Sep 17 13:30:37 2012] [notice] mod_cosign: invalid destination: https://gradecraft.com/
[Mon Sep 17 14:09:51 2012] [notice] mod_cosign: invalid destination: https://gradecraft.com/
[Mon Sep 17 14:10:18 2012] [notice] mod_cosign: invalid destination: https://gradecraft.com/
[Mon Sep 17 14:17:30 2012] [notice] mod_cosign: invalid destination: https://gradecraft.com/
[Mon Sep 17 14:17:43 2012] [notice] mod_cosign: invalid destination: https://gradecraft.com/
[Mon Sep 17 14:17:50 2012] [notice] mod_cosign: invalid destination: https://gradecraft.com/
[Mon Sep 17 14:37:21 2012] [error] mod_cosign: cosign_cookie_valid: network info 107.5.195.134 does not match local info 67.194.111.139 for cookie cosign-www.gradecraft.com=iALwsDjo1QmnRT3zjmFZLIDfxtJpWN2KRlZOVE3RPQZBlEcWpapszA1gkFo9vnsAjSCSaqAJaTXB+1pdbCNekg4fmV59sHZjGrwTS9toL9PUEILtEBVQ0qk3yUPF
[Mon Sep 17 15:16:33 2012] [error] mod_cosign: cosign_cookie_valid: network info 35.0.109.173 does not match local info 35.0.93.254 for cookie cosign-www.gradecraft.com=NR1drTfOuv-9eyk2VCu4kH1GeNWVKi-BLbATyDqwSagS2CQYDXyMzH31Lah6bkSxrGBOvo+sA7wd3C4y19mvEp4QmcexOd86Q3XcwGlpS7HGYTeIqphNNRKTfwri
[Mon Sep 17 15:27:54 2012] [error] mod_cosign: cosign_cookie_valid: network info 67.194.127.228 does not match local info 67.194.123.91 for cookie cosign-www.gradecraft.com=F3QWzYj0zHwqD5B+vpSfivdScV1XRjgYPaARtoCjXAJF+b9RpPVB-kc1t+hR4z5LFWMmbhsfzWTH9399bQUNkbK+O7gmzvpMMqPGDzvcEptJGju9k5ouhA+reHhw
[Mon Sep 17 15:49:33 2012] [notice] mod_cosign: invalid destination: https://gradecraft.com/
[Mon Sep 17 16:10:38 2012] [notice] mod_cosign: invalid destination: https://gradecraft.com/
[Mon Sep 17 17:53:23 2012] [notice] mod_cosign: invalid destination: https://gradecraft.com/
[Mon Sep 17 17:53:53 2012] [notice] mod_cosign: invalid destination: https://gradecraft.com/
[Mon Sep 17 19:57:17 2012] [notice] mod_cosign: invalid destination: https://gradecraft.com/
[Mon Sep 17 19:57:20 2012] [notice] mod_cosign: invalid destination: https://gradecraft.com/
[Mon Sep 17 20:18:08 2012] [notice] mod_cosign: invalid destination: https://gradecraft.com/
[Mon Sep 17 20:30:58 2012] [notice] mod_cosign: invalid destination: https://gradecraft.com/
[Mon Sep 17 21:56:35 2012] [notice] mod_cosign: invalid destination: https://gradecraft.com/
[Mon Sep 17 23:24:48 2012] [error] mod_cosign: cosign_cookie_valid: network info 107.5.195.134 does not match local info 67.194.71.186 for cookie cosign-www.gradecraft.com=5+YSSYvE9kQpmMItf0sI5ruM6HUY3Zp1PaEuiQO2asRU9IkdsqvmE67NyUDVLesZkmSS4rAnZe6LPwpEM57z2ntxFrLZGz5iEGGTCH-ibTrpFPkOR5yG3EbPzyoq
