[Wed Sep 12 10:25:08 2012] [error] mod_cosign: cosign_cookie_valid: network info 67.194.95.98 does not match local info 141.213.172.251 for cookie cosign-www.gradecraft.com=2IhZoRAWvnAcOImrncl40FNejpEEpIdQ9GlNFbupZBAGpqR3TiM+wBh9jFTju-5T26zdWPZC1WSRiqjMMYnznRoRXReEw1meuBornyX2oYZImBzM9beg5AHwe+AG
[Wed Sep 12 10:31:27 2012] [notice] mod_cosign: invalid destination: https://gradecraft.com/
[Wed Sep 12 10:31:42 2012] [notice] mod_cosign: invalid destination: https://gradecraft.com/
[Wed Sep 12 10:32:56 2012] [notice] mod_cosign: invalid destination: https://gradecraft.com/dashboard
[Wed Sep 12 12:49:06 2012] [notice] mod_cosign: invalid destination: https://gradecraft.com/dashboard
[Wed Sep 12 12:49:51 2012] [notice] mod_cosign: invalid destination: https://gradecraft.com/dashboard
[Wed Sep 12 12:50:10 2012] [notice] mod_cosign: invalid destination: https://gradecraft.com/
[Wed Sep 12 12:50:29 2012] [notice] mod_cosign: invalid destination: https://gradecraft.com/
[Wed Sep 12 12:50:39 2012] [notice] mod_cosign: invalid destination: https://gradecraft.com/
[Wed Sep 12 12:50:40 2012] [notice] mod_cosign: invalid destination: https://gradecraft.com/
[Wed Sep 12 12:50:41 2012] [notice] mod_cosign: invalid destination: https://gradecraft.com/
[Wed Sep 12 12:50:44 2012] [notice] mod_cosign: invalid destination: https://gradecraft.com/
[Wed Sep 12 12:50:46 2012] [notice] mod_cosign: invalid destination: https://gradecraft.com/
[Wed Sep 12 12:50:46 2012] [notice] mod_cosign: invalid destination: https://gradecraft.com/
[Wed Sep 12 12:50:46 2012] [notice] mod_cosign: invalid destination: https://gradecraft.com/
[Wed Sep 12 12:50:47 2012] [notice] mod_cosign: invalid destination: https://gradecraft.com/
[Wed Sep 12 12:50:47 2012] [notice] mod_cosign: invalid destination: https://gradecraft.com/
[Wed Sep 12 12:50:47 2012] [notice] mod_cosign: invalid destination: https://gradecraft.com/
[Wed Sep 12 12:50:47 2012] [notice] mod_cosign: invalid destination: https://gradecraft.com/
[Wed Sep 12 12:50:47 2012] [notice] mod_cosign: invalid destination: https://gradecraft.com/
[Wed Sep 12 12:50:49 2012] [notice] mod_cosign: invalid destination: https://gradecraft.com/
[Wed Sep 12 12:50:50 2012] [notice] mod_cosign: invalid destination: https://gradecraft.com/
[Wed Sep 12 12:50:55 2012] [notice] mod_cosign: invalid destination: https://gradecraft.com/
[Wed Sep 12 12:50:56 2012] [notice] mod_cosign: invalid destination: https://gradecraft.com/
[Wed Sep 12 12:50:57 2012] [notice] mod_cosign: invalid destination: https://gradecraft.com/
[Wed Sep 12 12:51:02 2012] [notice] mod_cosign: invalid destination: https://gradecraft.com/
[Wed Sep 12 12:51:03 2012] [notice] mod_cosign: invalid destination: https://gradecraft.com/
[Wed Sep 12 12:51:06 2012] [notice] mod_cosign: invalid destination: https://gradecraft.com/
[Wed Sep 12 12:51:07 2012] [notice] mod_cosign: invalid destination: https://gradecraft.com/
[Wed Sep 12 12:51:07 2012] [notice] mod_cosign: invalid destination: https://gradecraft.com/
[Wed Sep 12 12:51:10 2012] [notice] mod_cosign: invalid destination: https://gradecraft.com/
[Wed Sep 12 12:51:10 2012] [notice] mod_cosign: invalid destination: https://gradecraft.com/
[Wed Sep 12 12:51:22 2012] [notice] mod_cosign: invalid destination: https://gradecraft.com/
[Wed Sep 12 12:51:22 2012] [notice] mod_cosign: invalid destination: https://gradecraft.com/
[Wed Sep 12 12:51:23 2012] [notice] mod_cosign: invalid destination: https://gradecraft.com/
[Wed Sep 12 12:51:24 2012] [notice] mod_cosign: invalid destination: https://gradecraft.com/
[Wed Sep 12 12:51:25 2012] [notice] mod_cosign: invalid destination: https://gradecraft.com/
[Wed Sep 12 12:51:26 2012] [notice] mod_cosign: invalid destination: https://gradecraft.com/
[Wed Sep 12 12:51:27 2012] [notice] mod_cosign: invalid destination: https://gradecraft.com/
[Wed Sep 12 12:51:27 2012] [notice] mod_cosign: invalid destination: https://gradecraft.com/
[Wed Sep 12 12:51:28 2012] [notice] mod_cosign: invalid destination: https://gradecraft.com/
[Wed Sep 12 12:51:32 2012] [notice] mod_cosign: invalid destination: https://gradecraft.com/
[Wed Sep 12 12:51:32 2012] [notice] mod_cosign: invalid destination: https://gradecraft.com/
[Wed Sep 12 12:51:33 2012] [notice] mod_cosign: invalid destination: https://gradecraft.com/
[Wed Sep 12 12:51:37 2012] [notice] mod_cosign: invalid destination: https://gradecraft.com/
[Wed Sep 12 12:51:37 2012] [notice] mod_cosign: invalid destination: https://gradecraft.com/
[Wed Sep 12 12:51:41 2012] [notice] mod_cosign: invalid destination: https://gradecraft.com/
[Wed Sep 12 12:51:43 2012] [notice] mod_cosign: invalid destination: https://gradecraft.com/
[Wed Sep 12 12:51:43 2012] [notice] mod_cosign: invalid destination: https://gradecraft.com/
[Wed Sep 12 12:51:52 2012] [notice] mod_cosign: invalid destination: https://gradecraft.com/
[Wed Sep 12 12:51:54 2012] [notice] mod_cosign: invalid destination: https://gradecraft.com/
[Wed Sep 12 12:51:56 2012] [notice] mod_cosign: invalid destination: https://gradecraft.com/
[Wed Sep 12 12:51:59 2012] [notice] mod_cosign: invalid destination: https://gradecraft.com/
[Wed Sep 12 12:51:59 2012] [notice] mod_cosign: invalid destination: https://gradecraft.com/
[Wed Sep 12 12:51:59 2012] [notice] mod_cosign: invalid destination: https://gradecraft.com/
[Wed Sep 12 12:52:00 2012] [notice] mod_cosign: invalid destination: https://gradecraft.com/
[Wed Sep 12 12:52:00 2012] [notice] mod_cosign: invalid destination: https://gradecraft.com/
[Wed Sep 12 12:52:01 2012] [notice] mod_cosign: invalid destination: https://gradecraft.com/
[Wed Sep 12 12:52:01 2012] [notice] mod_cosign: invalid destination: https://gradecraft.com/
[Wed Sep 12 12:52:23 2012] [notice] mod_cosign: invalid destination: https://gradecraft.com/
[Wed Sep 12 12:52:24 2012] [notice] mod_cosign: invalid destination: https://gradecraft.com/
[Wed Sep 12 12:52:26 2012] [notice] mod_cosign: invalid destination: https://gradecraft.com/
[Wed Sep 12 12:52:26 2012] [notice] mod_cosign: invalid destination: https://gradecraft.com/
[Wed Sep 12 12:52:30 2012] [notice] mod_cosign: invalid destination: https://gradecraft.com/
[Wed Sep 12 12:52:34 2012] [notice] mod_cosign: invalid destination: https://gradecraft.com/
[Wed Sep 12 12:52:34 2012] [notice] mod_cosign: invalid destination: https://gradecraft.com/
[Wed Sep 12 12:52:36 2012] [notice] mod_cosign: invalid destination: https://gradecraft.com/
[Wed Sep 12 12:52:37 2012] [notice] mod_cosign: invalid destination: https://gradecraft.com/
[Wed Sep 12 12:52:47 2012] [notice] mod_cosign: invalid destination: https://gradecraft.com/
[Wed Sep 12 12:52:49 2012] [notice] mod_cosign: invalid destination: https://gradecraft.com/
[Wed Sep 12 12:52:51 2012] [notice] mod_cosign: invalid destination: https://gradecraft.com/
[Wed Sep 12 12:52:52 2012] [notice] mod_cosign: invalid destination: https://gradecraft.com/
[Wed Sep 12 12:52:53 2012] [notice] mod_cosign: invalid destination: https://gradecraft.com/
[Wed Sep 12 12:53:04 2012] [notice] mod_cosign: invalid destination: https://gradecraft.com/
[Wed Sep 12 12:53:10 2012] [notice] mod_cosign: invalid destination: https://gradecraft.com/
[Wed Sep 12 12:53:13 2012] [notice] mod_cosign: invalid destination: https://gradecraft.com/
[Wed Sep 12 12:53:14 2012] [notice] mod_cosign: invalid destination: https://gradecraft.com/
[Wed Sep 12 12:53:21 2012] [notice] mod_cosign: invalid destination: https://gradecraft.com/
[Wed Sep 12 12:53:25 2012] [notice] mod_cosign: invalid destination: https://gradecraft.com/
[Wed Sep 12 12:53:27 2012] [notice] mod_cosign: invalid destination: https://gradecraft.com/
[Wed Sep 12 12:53:30 2012] [notice] mod_cosign: invalid destination: https://gradecraft.com/
[Wed Sep 12 12:53:45 2012] [notice] mod_cosign: invalid destination: https://gradecraft.com/
[Wed Sep 12 12:53:54 2012] [notice] mod_cosign: invalid destination: https://gradecraft.com/
[Wed Sep 12 12:53:55 2012] [notice] mod_cosign: invalid destination: https://gradecraft.com/
[Wed Sep 12 12:54:03 2012] [notice] mod_cosign: invalid destination: https://gradecraft.com/
[Wed Sep 12 12:54:07 2012] [notice] mod_cosign: invalid destination: https://gradecraft.com/
[Wed Sep 12 12:54:14 2012] [notice] mod_cosign: invalid destination: https://gradecraft.com/
[Wed Sep 12 12:54:18 2012] [notice] mod_cosign: invalid destination: https://gradecraft.com/
[Wed Sep 12 12:54:20 2012] [notice] mod_cosign: invalid destination: https://gradecraft.com/
[Wed Sep 12 12:54:23 2012] [notice] mod_cosign: invalid destination: https://gradecraft.com/
[Wed Sep 12 12:54:27 2012] [notice] mod_cosign: invalid destination: https://gradecraft.com/
[Wed Sep 12 12:54:29 2012] [notice] mod_cosign: invalid destination: https://gradecraft.com/
[Wed Sep 12 12:54:45 2012] [notice] mod_cosign: invalid destination: https://gradecraft.com/
[Wed Sep 12 12:54:50 2012] [notice] mod_cosign: invalid destination: https://gradecraft.com/
[Wed Sep 12 12:54:51 2012] [notice] mod_cosign: invalid destination: https://gradecraft.com/
[Wed Sep 12 12:55:14 2012] [notice] mod_cosign: invalid destination: https://gradecraft.com/
[Wed Sep 12 12:55:30 2012] [notice] mod_cosign: invalid destination: https://gradecraft.com/
[Wed Sep 12 12:55:38 2012] [notice] mod_cosign: invalid destination: https://gradecraft.com/
[Wed Sep 12 12:59:51 2012] [notice] mod_cosign: invalid destination: https://gradecraft.com/
[Wed Sep 12 13:00:35 2012] [notice] mod_cosign: invalid destination: https://gradecraft.com/
[Wed Sep 12 13:01:05 2012] [notice] mod_cosign: invalid destination: https://gradecraft.com/
[Wed Sep 12 13:02:39 2012] [notice] mod_cosign: invalid destination: https://gradecraft.com/
[Wed Sep 12 13:03:38 2012] [notice] mod_cosign: invalid destination: https://gradecraft.com/
[Wed Sep 12 13:06:19 2012] [notice] mod_cosign: invalid destination: https://gradecraft.com/
[Wed Sep 12 13:06:31 2012] [notice] mod_cosign: invalid destination: https://gradecraft.com/dashboard
[Wed Sep 12 13:06:37 2012] [notice] mod_cosign: invalid destination: https://gradecraft.com/dashboard
[Wed Sep 12 13:07:18 2012] [notice] mod_cosign: invalid destination: https://gradecraft.com/
[Wed Sep 12 13:10:32 2012] [error] mod_cosign: cosign_cookie_valid: network info 67.194.223.182 does not match local info 67.194.99.209 for cookie cosign-www.gradecraft.com=UIHEPiuLVLqraEzVLF+GtU7LnWcnegSxCucBi36MSE29L4D82CUj6emn9DjrfN4gpsLJ7dIxByuw9u82hJEhZLGbOdZ8BNgaNDbZXoIQskT3BV7EkZ8rizTKsp+i
[Wed Sep 12 13:11:09 2012] [notice] mod_cosign: invalid destination: https://gradecraft.com/
[Wed Sep 12 13:11:52 2012] [notice] mod_cosign: invalid destination: https://gradecraft.com/
[Wed Sep 12 13:14:08 2012] [notice] mod_cosign: invalid destination: https://gradecraft.com/
[Wed Sep 12 13:20:13 2012] [notice] mod_cosign: invalid destination: https://gradecraft.com/dashboard
[Wed Sep 12 13:28:34 2012] [notice] mod_cosign: invalid destination: https://gradecraft.com/
[Wed Sep 12 13:37:28 2012] [notice] mod_cosign: invalid destination: https://gradecraft.com/
[Wed Sep 12 13:37:39 2012] [notice] mod_cosign: invalid destination: https://gradecraft.com/
[Wed Sep 12 13:57:01 2012] [error] mod_cosign: cosign_cookie_valid: network info 67.194.170.55 does not match local info 67.194.121.125 for cookie cosign-www.gradecraft.com=bF0-ym-+u4cG9KcTD+J4jc7VhCVq43I+gMH-qb6g0K7CWIKb-57zMtVBIHw7vlfa4xPXyGZRS1JqZuX2VrLOG732F5r5QfiN3GxIgkTRiMfSVXOtWwPrQwrwz95z
[Wed Sep 12 13:58:55 2012] [notice] mod_cosign: invalid destination: https://gradecraft.com/
[Wed Sep 12 14:21:53 2012] [notice] mod_cosign: invalid destination: https://gradecraft.com/
[Wed Sep 12 15:32:37 2012] [error] mod_cosign: cosign_cookie_valid: network info 67.194.26.194 does not match local info 67.194.28.173 for cookie cosign-www.gradecraft.com=qMXXYegmUaasegbc8t3Zy9sfN8EzEi20aEibQJDiHrXVvvhNknP0Zq19noGudlT2RfT4oaTNgu1kN-zzcszo+pGxS7C1A72DPLyrTqj1fmOI820zUK5YfLX4KQRr
[Wed Sep 12 15:33:29 2012] [notice] mod_cosign: invalid destination: https://gradecraft.com/
[Wed Sep 12 16:30:02 2012] [notice] mod_cosign: invalid destination: https://gradecraft.com/
[Wed Sep 12 16:30:12 2012] [notice] mod_cosign: invalid destination: https://gradecraft.com/
[Wed Sep 12 18:06:03 2012] [notice] mod_cosign: invalid destination: https://gradecraft.com/
[Wed Sep 12 19:26:37 2012] [notice] mod_cosign: invalid destination: https://gradecraft.com/
[Wed Sep 12 19:28:06 2012] [notice] mod_cosign: invalid destination: https://gradecraft.com/
[Wed Sep 12 19:42:57 2012] [notice] mod_cosign: invalid destination: https://gradecraft.com/
[Wed Sep 12 20:10:16 2012] [notice] mod_cosign: invalid destination: https://gradecraft.com/
[Wed Sep 12 21:21:42 2012] [error] mod_cosign: cosign_cookie_valid: network info 24.11.171.92 does not match local info 67.194.126.216 for cookie cosign-www.gradecraft.com=nG35G515e1GwZYDST+GAt8L-cPq+FTNT4PPrng8LqE4mHu94Q6AZ1lc6aIiijzHGWct3uM0EzeVT00w-I4MlRTVx+N32LmnkBkAOXBVCsMh4f-eQgt13af2jzA+X
[Wed Sep 12 23:49:31 2012] [notice] mod_cosign: invalid destination: https://gradecraft.com/
