[Mon Oct 08 01:31:13 2012] [notice] mod_cosign: invalid destination: https://gradecraft.com/
[Mon Oct 08 01:31:18 2012] [notice] mod_cosign: invalid destination: https://gradecraft.com/
[Mon Oct 08 01:31:38 2012] [notice] mod_cosign: invalid destination: https://gradecraft.com/
[Mon Oct 08 10:22:13 2012] [notice] mod_cosign: invalid destination: https://gradecraft.com/
[Mon Oct 08 11:22:44 2012] [notice] mod_cosign: invalid destination: https://gradecraft.com/
[Mon Oct 08 11:35:57 2012] [notice] mod_cosign: invalid destination: https://gradecraft.com/
[Mon Oct 08 11:45:31 2012] [error] mod_cosign: connect_sn: connect
[Mon Oct 08 11:45:37 2012] [error] mod_cosign: connect_sn: connect
[Mon Oct 08 11:45:41 2012] [error] mod_cosign: connect_sn: connect
[Mon Oct 08 11:45:43 2012] [error] mod_cosign: connect_sn: connect
[Mon Oct 08 11:45:44 2012] [error] mod_cosign: connect_sn: connect
[Mon Oct 08 11:45:49 2012] [error] mod_cosign: connect_sn: connect
[Mon Oct 08 11:45:49 2012] [error] mod_cosign: connect_sn: connect
[Mon Oct 08 11:45:51 2012] [error] mod_cosign: connect_sn: connect
[Mon Oct 08 11:45:53 2012] [error] mod_cosign: connect_sn: connect
[Mon Oct 08 11:45:58 2012] [error] mod_cosign: connect_sn: connect
[Mon Oct 08 11:45:59 2012] [error] mod_cosign: connect_sn: connect
[Mon Oct 08 11:46:02 2012] [error] mod_cosign: connect_sn: connect
[Mon Oct 08 11:46:04 2012] [error] mod_cosign: connect_sn: connect
[Mon Oct 08 11:46:05 2012] [error] mod_cosign: connect_sn: connect
[Mon Oct 08 11:46:10 2012] [error] mod_cosign: connect_sn: connect
[Mon Oct 08 11:46:11 2012] [error] mod_cosign: connect_sn: connect
[Mon Oct 08 11:46:12 2012] [error] mod_cosign: connect_sn: connect
[Mon Oct 08 11:46:14 2012] [error] mod_cosign: connect_sn: connect
[Mon Oct 08 11:46:22 2012] [error] mod_cosign: connect_sn: connect
[Mon Oct 08 11:46:35 2012] [error] mod_cosign: connect_sn: connect
[Mon Oct 08 11:47:11 2012] [error] mod_cosign: connect_sn: connect
[Mon Oct 08 11:47:28 2012] [error] mod_cosign: connect_sn: connect
[Mon Oct 08 11:47:48 2012] [error] mod_cosign: connect_sn: connect
[Mon Oct 08 11:48:17 2012] [error] mod_cosign: connect_sn: connect
[Mon Oct 08 11:48:20 2012] [error] mod_cosign: connect_sn: connect
[Mon Oct 08 11:48:22 2012] [error] mod_cosign: connect_sn: connect
[Mon Oct 08 11:48:25 2012] [error] mod_cosign: connect_sn: connect
[Mon Oct 08 11:48:29 2012] [error] mod_cosign: connect_sn: connect
[Mon Oct 08 11:48:32 2012] [error] mod_cosign: connect_sn: connect
[Mon Oct 08 11:48:41 2012] [error] mod_cosign: connect_sn: connect
[Mon Oct 08 11:48:43 2012] [error] mod_cosign: connect_sn: connect
[Mon Oct 08 11:50:52 2012] [error] mod_cosign: connect_sn: connect
[Mon Oct 08 11:51:07 2012] [error] mod_cosign: connect_sn: connect
[Mon Oct 08 11:51:13 2012] [error] mod_cosign: connect_sn: connect
[Mon Oct 08 11:51:28 2012] [error] mod_cosign: connect_sn: connect
[Mon Oct 08 11:52:03 2012] [error] mod_cosign: connect_sn: connect
[Mon Oct 08 11:52:24 2012] [error] mod_cosign: connect_sn: connect
[Mon Oct 08 11:52:57 2012] [error] mod_cosign: connect_sn: connect
[Mon Oct 08 11:52:57 2012] [error] mod_cosign: connect_sn: connect
[Mon Oct 08 11:53:00 2012] [error] mod_cosign: connect_sn: connect
[Mon Oct 08 11:53:26 2012] [error] mod_cosign: connect_sn: connect
[Mon Oct 08 11:53:35 2012] [error] mod_cosign: connect_sn: connect
[Mon Oct 08 11:53:39 2012] [error] mod_cosign: connect_sn: connect
[Mon Oct 08 11:54:12 2012] [error] mod_cosign: cosign_cookie_valid: network info 67.194.19.12 does not match local info 67.194.95.22 for cookie cosign-www.gradecraft.com=sMSiAqmMyfhtwhtyVlhtr-t9Tr+NrU9QrB66Yon9+5esv0wT36zCrPu32lNkClJDBoNe3U+SqCOV3L2owAvsZ93I+7uqHGJ6gpM4WRYVSd2FlTm-k9d8R3G0V+iC
[Mon Oct 08 11:56:52 2012] [notice] mod_cosign: invalid destination: https://gradecraft.com/
[Mon Oct 08 11:57:26 2012] [notice] mod_cosign: invalid destination: https://gradecraft.com/
[Mon Oct 08 11:57:33 2012] [notice] mod_cosign: invalid destination: https://gradecraft.com/
[Mon Oct 08 11:57:57 2012] [notice] mod_cosign: invalid destination: https://gradecraft.com/
[Mon Oct 08 11:58:08 2012] [notice] mod_cosign: invalid destination: https://gradecraft.com/
[Mon Oct 08 11:58:15 2012] [notice] mod_cosign: invalid destination: https://gradecraft.com/
[Mon Oct 08 12:00:06 2012] [error] mod_cosign: cosign_cookie_valid: network info 67.194.28.248 does not match local info 67.194.97.110 for cookie cosign-www.gradecraft.com=SvVL0infNVkkN8IfZAPyPAejEdkmetl-1Q0cIu2dL2vjElIZ25FZ8jhHHENoqObqKtVYXqswnfyNe8sqCRF20cGWiiEGK0EHMQyVsqM1TyIYVuPg7sofjPa6Crhr
[Mon Oct 08 13:58:44 2012] [notice] mod_cosign: invalid destination: https://gradecraft.com/
[Mon Oct 08 13:59:08 2012] [notice] mod_cosign: invalid destination: https://gradecraft.com/
[Mon Oct 08 15:10:13 2012] [error] mod_cosign: cosign_cookie_valid: network info 35.0.86.14 does not match local info 67.194.19.113 for cookie cosign-www.gradecraft.com=-DsPRjYyHbWr6N6OfHRNWK0bKmh8ifEn5x6fP1LqvsS1domi3kpk-tUMOlYoV6FSuLyapevelwdp1oSQiuR+Cl7U8Co3p5rywbQW9TCabUToP2a7t5+Nonti09Ry
[Mon Oct 08 15:24:47 2012] [error] mod_cosign: cosign_cookie_valid: network info 67.194.33.79 does not match local info 67.194.11.76 for cookie cosign-www.gradecraft.com=-YoHGSdfP47a5jg3E9PdDgBFtjBqZnz5aSJACab+FHJwYhspjljMf6y2owi+FZ192UuADuXCSPuJvjSxbz9+0CUQbD+ZeBX1AjB6jKTwTVaMD+1FWy1rZ3PA6J5g
[Mon Oct 08 16:53:42 2012] [notice] mod_cosign: invalid destination: https://gradecraft.com/
[Mon Oct 08 19:05:19 2012] [error] mod_cosign: cosign_cookie_valid: network info 67.194.8.45 does not match local info 67.194.7.113 for cookie cosign-www.gradecraft.com=4dr0lY8--hx+xlcmeHfGR8nQ1u0PtIgALd6ajA2K0WzjSPDCZdcyepqUvlnEULNOATJzy2j0BNjSfS5JCjOkWMMKVBLcYIK6UxFiZB9lxxWvbp+9ovhC9TbyAs3j
