[Wed Sep 19 10:27:42 2012] [notice] mod_cosign: invalid destination: https://gradecraft.com/
[Wed Sep 19 10:27:45 2012] [notice] mod_cosign: invalid destination: https://gradecraft.com/
[Wed Sep 19 10:28:10 2012] [notice] mod_cosign: invalid destination: https://gradecraft.com/
[Wed Sep 19 10:28:35 2012] [error] mod_cosign: cosign_cookie_valid: network info 165.123.84.126 does not match local info 68.80.95.173 for cookie cosign-www.gradecraft.com=xHwshu4ZRjRJ3GPDlTQup4dFNqn0c+rBAD3rGAYQdg9cuO281J3DFYTdC8ikVzxxO9CR53VuXd9lg1PDn6rREPJZU5+VeNGi-Ru93+Z3phMk66ua97yNB0nOOxPx
[Wed Sep 19 10:30:22 2012] [notice] mod_cosign: invalid destination: https://gradecraft.com/
[Wed Sep 19 10:31:46 2012] [notice] mod_cosign: invalid destination: https://gradecraft.com/
[Wed Sep 19 11:09:51 2012] [error] mod_cosign: cosign_cookie_valid: network info 67.194.74.235 does not match local info 141.213.154.122 for cookie cosign-www.gradecraft.com=8gE6UE9fMr76zTe-+osuVG-Vhd-Q3ctXxW8jNllUxcFg0At1VT9UIltZnY8cJUCR-f1ScudkpwS1qUbQm2C9ma5cDWFlcPuuEJdNEVe-dVxxUXU2gjEzbzGon8Rt
[Wed Sep 19 11:15:54 2012] [notice] mod_cosign: invalid destination: https://gradecraft.com/
[Wed Sep 19 11:15:59 2012] [notice] mod_cosign: invalid destination: https://gradecraft.com/
[Wed Sep 19 11:30:43 2012] [notice] mod_cosign: invalid destination: https://gradecraft.com/
[Wed Sep 19 11:31:04 2012] [notice] mod_cosign: invalid destination: https://gradecraft.com/
[Wed Sep 19 11:31:28 2012] [notice] mod_cosign: invalid destination: https://gradecraft.com/
[Wed Sep 19 11:31:58 2012] [notice] mod_cosign: invalid destination: https://gradecraft.com/
[Wed Sep 19 11:32:25 2012] [notice] mod_cosign: invalid destination: https://gradecraft.com/
[Wed Sep 19 11:32:30 2012] [notice] mod_cosign: invalid destination: https://gradecraft.com/
[Wed Sep 19 11:32:50 2012] [notice] mod_cosign: invalid destination: https://gradecraft.com/
[Wed Sep 19 11:33:08 2012] [notice] mod_cosign: invalid destination: https://gradecraft.com/
[Wed Sep 19 11:33:22 2012] [notice] mod_cosign: invalid destination: https://gradecraft.com/
[Wed Sep 19 11:33:37 2012] [notice] mod_cosign: invalid destination: https://gradecraft.com/
[Wed Sep 19 11:35:36 2012] [notice] mod_cosign: invalid destination: https://gradecraft.com/
[Wed Sep 19 11:35:40 2012] [notice] mod_cosign: invalid destination: https://gradecraft.com/
[Wed Sep 19 11:36:08 2012] [notice] mod_cosign: invalid destination: https://gradecraft.com/
[Wed Sep 19 11:36:11 2012] [notice] mod_cosign: invalid destination: https://gradecraft.com/
[Wed Sep 19 11:36:17 2012] [notice] mod_cosign: invalid destination: https://gradecraft.com/
[Wed Sep 19 11:37:27 2012] [notice] mod_cosign: invalid destination: https://gradecraft.com/
[Wed Sep 19 11:37:28 2012] [notice] mod_cosign: invalid destination: https://gradecraft.com/
[Wed Sep 19 11:37:39 2012] [notice] mod_cosign: invalid destination: https://gradecraft.com/
[Wed Sep 19 11:37:40 2012] [notice] mod_cosign: invalid destination: https://gradecraft.com/
[Wed Sep 19 11:37:42 2012] [notice] mod_cosign: invalid destination: https://gradecraft.com/
[Wed Sep 19 11:37:44 2012] [notice] mod_cosign: invalid destination: https://gradecraft.com/
[Wed Sep 19 11:37:54 2012] [notice] mod_cosign: invalid destination: https://gradecraft.com/
[Wed Sep 19 11:38:00 2012] [notice] mod_cosign: invalid destination: https://gradecraft.com/
[Wed Sep 19 11:38:05 2012] [notice] mod_cosign: invalid destination: https://gradecraft.com/
[Wed Sep 19 11:38:05 2012] [notice] mod_cosign: invalid destination: https://gradecraft.com/
[Wed Sep 19 11:38:20 2012] [notice] mod_cosign: invalid destination: https://gradecraft.com/
[Wed Sep 19 11:38:23 2012] [notice] mod_cosign: invalid destination: https://gradecraft.com/
[Wed Sep 19 11:38:36 2012] [notice] mod_cosign: invalid destination: https://gradecraft.com/
[Wed Sep 19 11:38:47 2012] [notice] mod_cosign: invalid destination: https://gradecraft.com/
[Wed Sep 19 11:38:59 2012] [notice] mod_cosign: invalid destination: https://gradecraft.com/
[Wed Sep 19 11:39:00 2012] [notice] mod_cosign: invalid destination: https://gradecraft.com/
[Wed Sep 19 11:39:09 2012] [notice] mod_cosign: invalid destination: https://gradecraft.com/
[Wed Sep 19 11:39:09 2012] [notice] mod_cosign: invalid destination: https://gradecraft.com/
[Wed Sep 19 11:39:10 2012] [notice] mod_cosign: invalid destination: https://gradecraft.com/
[Wed Sep 19 11:39:21 2012] [notice] mod_cosign: invalid destination: https://gradecraft.com/
[Wed Sep 19 11:39:26 2012] [notice] mod_cosign: invalid destination: https://gradecraft.com/
[Wed Sep 19 11:39:57 2012] [notice] mod_cosign: invalid destination: https://gradecraft.com/
[Wed Sep 19 11:40:00 2012] [notice] mod_cosign: invalid destination: https://gradecraft.com/
[Wed Sep 19 11:40:48 2012] [notice] mod_cosign: invalid destination: https://gradecraft.com/
[Wed Sep 19 11:41:05 2012] [notice] mod_cosign: invalid destination: https://gradecraft.com/
[Wed Sep 19 11:41:10 2012] [notice] mod_cosign: invalid destination: https://gradecraft.com/dashboard
[Wed Sep 19 11:41:28 2012] [notice] mod_cosign: invalid destination: https://gradecraft.com/
[Wed Sep 19 11:41:36 2012] [notice] mod_cosign: invalid destination: https://gradecraft.com/
[Wed Sep 19 11:42:10 2012] [notice] mod_cosign: invalid destination: https://gradecraft.com/
[Wed Sep 19 11:42:15 2012] [notice] mod_cosign: invalid destination: https://gradecraft.com/
[Wed Sep 19 11:42:22 2012] [notice] mod_cosign: invalid destination: https://gradecraft.com/dashboard
[Wed Sep 19 11:42:29 2012] [notice] mod_cosign: invalid destination: https://gradecraft.com/
[Wed Sep 19 11:42:40 2012] [notice] mod_cosign: invalid destination: https://gradecraft.com/
[Wed Sep 19 11:42:42 2012] [notice] mod_cosign: invalid destination: https://gradecraft.com/
[Wed Sep 19 11:42:54 2012] [notice] mod_cosign: invalid destination: https://gradecraft.com/
[Wed Sep 19 11:43:00 2012] [notice] mod_cosign: invalid destination: https://gradecraft.com/
[Wed Sep 19 11:43:24 2012] [notice] mod_cosign: invalid destination: https://gradecraft.com/
[Wed Sep 19 11:43:51 2012] [notice] mod_cosign: invalid destination: https://gradecraft.com/
[Wed Sep 19 11:44:04 2012] [notice] mod_cosign: invalid destination: https://gradecraft.com/
[Wed Sep 19 11:44:10 2012] [notice] mod_cosign: invalid destination: https://gradecraft.com/
[Wed Sep 19 11:44:16 2012] [notice] mod_cosign: invalid destination: https://gradecraft.com/
[Wed Sep 19 11:44:17 2012] [notice] mod_cosign: invalid destination: https://gradecraft.com/
[Wed Sep 19 11:44:53 2012] [notice] mod_cosign: invalid destination: https://gradecraft.com/
[Wed Sep 19 11:45:25 2012] [notice] mod_cosign: invalid destination: https://gradecraft.com/
[Wed Sep 19 11:45:28 2012] [notice] mod_cosign: invalid destination: https://gradecraft.com/
[Wed Sep 19 11:45:36 2012] [notice] mod_cosign: invalid destination: https://gradecraft.com/
[Wed Sep 19 11:45:47 2012] [notice] mod_cosign: invalid destination: https://gradecraft.com/
[Wed Sep 19 11:45:49 2012] [notice] mod_cosign: invalid destination: https://gradecraft.com/
[Wed Sep 19 11:45:56 2012] [notice] mod_cosign: invalid destination: https://gradecraft.com/
[Wed Sep 19 11:46:32 2012] [notice] mod_cosign: invalid destination: https://gradecraft.com/dashboard
[Wed Sep 19 11:46:50 2012] [notice] mod_cosign: invalid destination: https://gradecraft.com/
[Wed Sep 19 11:46:55 2012] [notice] mod_cosign: invalid destination: https://gradecraft.com/
[Wed Sep 19 11:47:13 2012] [notice] mod_cosign: invalid destination: https://gradecraft.com/
[Wed Sep 19 11:47:20 2012] [notice] mod_cosign: invalid destination: https://gradecraft.com/
[Wed Sep 19 11:47:39 2012] [notice] mod_cosign: invalid destination: https://gradecraft.com/
[Wed Sep 19 11:48:28 2012] [notice] mod_cosign: invalid destination: https://gradecraft.com/
[Wed Sep 19 11:48:39 2012] [notice] mod_cosign: invalid destination: https://gradecraft.com/
[Wed Sep 19 11:49:08 2012] [notice] mod_cosign: invalid destination: https://gradecraft.com/
[Wed Sep 19 11:49:16 2012] [notice] mod_cosign: invalid destination: https://gradecraft.com/
[Wed Sep 19 11:49:19 2012] [notice] mod_cosign: invalid destination: https://gradecraft.com/
[Wed Sep 19 11:49:36 2012] [notice] mod_cosign: invalid destination: https://gradecraft.com/
[Wed Sep 19 11:52:19 2012] [notice] mod_cosign: invalid destination: https://gradecraft.com/
[Wed Sep 19 11:52:37 2012] [notice] mod_cosign: invalid destination: https://gradecraft.com/
[Wed Sep 19 11:52:52 2012] [notice] mod_cosign: invalid destination: https://gradecraft.com/
[Wed Sep 19 11:54:14 2012] [notice] mod_cosign: invalid destination: https://gradecraft.com/
[Wed Sep 19 11:55:41 2012] [notice] mod_cosign: invalid destination: https://gradecraft.com/
[Wed Sep 19 11:55:51 2012] [notice] mod_cosign: invalid destination: https://gradecraft.com/
[Wed Sep 19 11:56:02 2012] [notice] mod_cosign: invalid destination: https://gradecraft.com/
[Wed Sep 19 11:56:31 2012] [notice] mod_cosign: invalid destination: https://gradecraft.com/
[Wed Sep 19 11:57:02 2012] [notice] mod_cosign: invalid destination: https://gradecraft.com/
[Wed Sep 19 11:57:48 2012] [notice] mod_cosign: invalid destination: https://gradecraft.com/
[Wed Sep 19 11:58:04 2012] [notice] mod_cosign: invalid destination: https://gradecraft.com/
[Wed Sep 19 11:58:15 2012] [notice] mod_cosign: invalid destination: https://gradecraft.com/
[Wed Sep 19 11:58:19 2012] [notice] mod_cosign: invalid destination: https://gradecraft.com/
[Wed Sep 19 11:58:45 2012] [notice] mod_cosign: invalid destination: https://gradecraft.com/
[Wed Sep 19 12:00:47 2012] [notice] mod_cosign: invalid destination: https://gradecraft.com/
[Wed Sep 19 12:01:36 2012] [notice] mod_cosign: invalid destination: https://gradecraft.com/
[Wed Sep 19 12:04:10 2012] [notice] mod_cosign: invalid destination: https://gradecraft.com/
[Wed Sep 19 12:05:12 2012] [notice] mod_cosign: invalid destination: https://gradecraft.com/
[Wed Sep 19 12:11:16 2012] [notice] mod_cosign: invalid destination: https://gradecraft.com/
[Wed Sep 19 12:13:00 2012] [notice] mod_cosign: invalid destination: https://gradecraft.com/
[Wed Sep 19 12:16:32 2012] [notice] mod_cosign: invalid destination: https://gradecraft.com/
[Wed Sep 19 12:17:50 2012] [notice] mod_cosign: invalid destination: https://gradecraft.com/
[Wed Sep 19 12:19:45 2012] [notice] mod_cosign: invalid destination: https://gradecraft.com/
[Wed Sep 19 12:21:03 2012] [notice] mod_cosign: invalid destination: https://gradecraft.com/
[Wed Sep 19 12:23:41 2012] [notice] mod_cosign: invalid destination: https://gradecraft.com/
[Wed Sep 19 12:29:52 2012] [notice] mod_cosign: invalid destination: https://gradecraft.com/
[Wed Sep 19 12:44:57 2012] [notice] mod_cosign: invalid destination: https://gradecraft.com/
[Wed Sep 19 12:45:17 2012] [error] mod_cosign: cosign_cookie_valid: network info 67.194.30.144 does not match local info 67.194.40.216 for cookie cosign-www.gradecraft.com=RoqQDYxqsM7Hdzxqb-2SBN5Y7KZbzqC4-efDmiERtKyD9rvfV+1738Pwacg9dwfe3T5HjBBG+52QAEZnw82hiLMjGMVmPKN-fhtze8rNGSut6xevP8z-V1Capwtj
[Wed Sep 19 12:51:57 2012] [notice] mod_cosign: invalid destination: https://gradecraft.com/
[Wed Sep 19 12:52:20 2012] [notice] mod_cosign: invalid destination: https://gradecraft.com/
[Wed Sep 19 12:53:02 2012] [notice] mod_cosign: invalid destination: https://gradecraft.com/
[Wed Sep 19 13:03:06 2012] [notice] mod_cosign: invalid destination: https://gradecraft.com/
[Wed Sep 19 13:03:19 2012] [notice] mod_cosign: invalid destination: https://gradecraft.com/
[Wed Sep 19 13:03:54 2012] [notice] mod_cosign: invalid destination: https://gradecraft.com/
[Wed Sep 19 13:05:09 2012] [notice] mod_cosign: invalid destination: https://gradecraft.com/
[Wed Sep 19 13:05:17 2012] [notice] mod_cosign: invalid destination: https://gradecraft.com/
[Wed Sep 19 13:05:25 2012] [notice] mod_cosign: invalid destination: https://gradecraft.com/
[Wed Sep 19 13:16:47 2012] [notice] mod_cosign: invalid destination: https://gradecraft.com/
[Wed Sep 19 13:17:36 2012] [notice] mod_cosign: invalid destination: https://gradecraft.com/
[Wed Sep 19 13:19:24 2012] [notice] mod_cosign: invalid destination: https://gradecraft.com/
[Wed Sep 19 13:42:20 2012] [notice] mod_cosign: invalid destination: https://gradecraft.com/dashboard
[Wed Sep 19 13:42:30 2012] [notice] mod_cosign: invalid destination: https://gradecraft.com/
[Wed Sep 19 14:01:13 2012] [notice] mod_cosign: invalid destination: https://gradecraft.com/
[Wed Sep 19 14:03:13 2012] [notice] mod_cosign: invalid destination: https://gradecraft.com/
[Wed Sep 19 14:35:45 2012] [notice] mod_cosign: invalid destination: https://gradecraft.com/
[Wed Sep 19 15:54:28 2012] [notice] mod_cosign: invalid destination: https://gradecraft.com/
[Wed Sep 19 16:29:20 2012] [notice] mod_cosign: invalid destination: https://gradecraft.com/
[Wed Sep 19 19:03:08 2012] [error] mod_cosign: cosign_cookie_valid: network info 141.213.172.163 does not match local info 99.21.33.48 for cookie cosign-www.gradecraft.com=memY8N2UJqMSUZS7sUVlzxahH4sqHnRy4HRfaU6GXYx5L-KsNtmjx0Zd9YDbgmuLN9vzle3yRMbxu258V11gJ4JNkiSSNzDwmRtROjrShhMgOdILh5YFBq772qEK
[Wed Sep 19 19:32:01 2012] [notice] mod_cosign: invalid destination: https://gradecraft.com/
[Wed Sep 19 23:06:39 2012] [notice] mod_cosign: invalid destination: https://gradecraft.com/
