[Tue Sep 18 10:54:20 2012] [notice] mod_cosign: invalid destination: https://gradecraft.com/
[Tue Sep 18 11:14:41 2012] [notice] mod_cosign: invalid destination: https://gradecraft.com/
[Tue Sep 18 11:14:41 2012] [notice] mod_cosign: invalid destination: https://gradecraft.com/
[Tue Sep 18 11:15:01 2012] [notice] mod_cosign: invalid destination: https://gradecraft.com/
[Tue Sep 18 11:26:02 2012] [notice] mod_cosign: invalid destination: https://gradecraft.com/
[Tue Sep 18 12:33:59 2012] [notice] mod_cosign: invalid destination: https://gradecraft.com/
[Tue Sep 18 12:47:11 2012] [notice] mod_cosign: invalid destination: https://gradecraft.com/
[Tue Sep 18 12:49:34 2012] [notice] mod_cosign: invalid destination: https://gradecraft.com/
[Tue Sep 18 13:19:32 2012] [notice] mod_cosign: invalid destination: https://gradecraft.com/
[Tue Sep 18 13:20:28 2012] [notice] mod_cosign: invalid destination: https://gradecraft.com/
[Tue Sep 18 13:53:15 2012] [notice] mod_cosign: invalid destination: https://gradecraft.com/
[Tue Sep 18 14:24:45 2012] [notice] mod_cosign: invalid destination: https://gradecraft.com/
[Tue Sep 18 14:32:05 2012] [notice] mod_cosign: invalid destination: https://gradecraft.com/
[Tue Sep 18 14:48:20 2012] [error] mod_cosign: cosign_cookie_valid: network info 67.194.13.89 does not match local info 67.194.215.130 for cookie cosign-www.gradecraft.com=3+kH7OnJAUrRrMZpDGeM-psb9nDw4NmHYEI3f8Xab1ujP1npfePeEDMqGH37G-GMCcM2KaMnFV-qYvSX3bN08p4ijyLcp5fKH6MJ8VBxjztVwiZYU9Ir6mPRWlL2
[Tue Sep 18 15:00:29 2012] [notice] mod_cosign: invalid destination: https://gradecraft.com/
[Tue Sep 18 15:08:33 2012] [notice] mod_cosign: invalid destination: https://gradecraft.com/
[Tue Sep 18 15:08:34 2012] [notice] mod_cosign: invalid destination: https://gradecraft.com/
[Tue Sep 18 15:10:45 2012] [notice] mod_cosign: invalid destination: https://gradecraft.com/
[Tue Sep 18 15:10:47 2012] [notice] mod_cosign: invalid destination: https://gradecraft.com/
[Tue Sep 18 15:11:29 2012] [notice] mod_cosign: invalid destination: https://gradecraft.com/
[Tue Sep 18 15:11:31 2012] [notice] mod_cosign: invalid destination: https://gradecraft.com/
[Tue Sep 18 15:18:29 2012] [notice] mod_cosign: invalid destination: https://gradecraft.com/
[Tue Sep 18 16:11:31 2012] [notice] mod_cosign: invalid destination: https://gradecraft.com/
[Tue Sep 18 16:49:59 2012] [notice] mod_cosign: invalid destination: https://gradecraft.com/
[Tue Sep 18 19:29:46 2012] [notice] mod_cosign: invalid destination: https://gradecraft.com/
[Tue Sep 18 19:30:15 2012] [notice] mod_cosign: invalid destination: https://gradecraft.com/
[Tue Sep 18 19:54:44 2012] [notice] mod_cosign: invalid destination: https://gradecraft.com/
[Tue Sep 18 20:12:27 2012] [notice] mod_cosign: invalid destination: https://gradecraft.com/
[Tue Sep 18 20:16:24 2012] [error] mod_cosign: cosign_cookie_valid: network info 67.194.110.95 does not match local info 35.0.102.129 for cookie cosign-www.gradecraft.com=sRDCLNx8kFT2+sWxs7muAgrxisPZvKzOtUFRRCGEk78NikIIR7AYfiSGAVmPItFQitGg6L9YJ95hxQYDpUs22CvIxYz0lhtfo42CtLyJy5PbOJkeSVQx0o0SBemi
[Tue Sep 18 21:57:45 2012] [notice] mod_cosign: invalid destination: https://gradecraft.com/
[Tue Sep 18 22:28:13 2012] [notice] mod_cosign: invalid destination: https://gradecraft.com/
[Tue Sep 18 22:28:30 2012] [notice] mod_cosign: invalid destination: https://gradecraft.com/dashboard
[Tue Sep 18 23:07:38 2012] [error] mod_cosign: cosign_cookie_valid: network info 67.194.36.148 does not match local info 67.194.1.130 for cookie cosign-www.gradecraft.com=2s4-N6Cudx7k5GmKae71WKnERm50NegAn+1cPaJ6dXEeJckIAd+uUwm3lS3yDCkx-AVyKzOrg+VVLPcMfvXHfRfVDj0Oug7aRPz6RL3RB1aHUFuxhosZXKtbmEkF
